InnoDB: using atomic writes.
2020-03-24 10:46:37 0 [Note] InnoDB: Mutexes and rw_locks use Windows interlocked functions
2020-03-24 10:46:37 0 [Note] InnoDB: Uses event mutexes
2020-03-24 10:46:37 0 [Note] InnoDB: Compressed tables use zlib 1.2.11
2020-03-24 10:46:37 0 [Note] InnoDB: Number of pools: 1
2020-03-24 10:46:37 0 [Note] InnoDB: Using SSE2 crc32 instructions
2020-03-24 10:46:37 0 [Note] InnoDB: Initializing buffer pool, total size = 16M, instances = 1, chunk size = 16M
2020-03-24 10:46:37 0 [Note] InnoDB: Completed initialization of buffer pool
2020-03-24 10:46:37 0 [Note] InnoDB: Starting crash recovery from checkpoint LSN=300288
2020-03-24 10:46:37 0 [Note] InnoDB: 128 out of 128 rollback segments are active.
2020-03-24 10:46:37 0 [Note] InnoDB: Removed temporary tablespace data file: "ibtmp1"
2020-03-24 10:46:37 0 [Note] InnoDB: Creating shared tablespace for temporary tables
2020-03-24 10:46:37 0 [Note] InnoDB: Setting file 'C:\xampp\mysql\data\ibtmp1' size to 12 MB. Physically writing the file full; Please wait ...
2020-03-24 10:46:37 0 [Note] InnoDB: File 'C:\xampp\mysql\data\ibtmp1' size is now 12 MB.
2020-03-24 10:46:37 0 [Note] InnoDB: Waiting for purge to start
2020-03-24 10:46:37 0 [Note] InnoDB: 10.4.11 started; log sequence number 300297; transaction id 171
2020-03-24 10:46:37 0 [Note] InnoDB: Loading buffer pool(s) from C:\xampp\mysql\data\ib_buffer_pool
2020-03-24 10:46:37 0 [Note] Plugin 'FEEDBACK' is disabled.
2020-03-24 10:46:37 0 [Note] Server socket created on IP: '::'.
2020-03-24 10:46:37 0 [Note] InnoDB: Buffer pool(s) load completed at 200324 10:46:37
InnoDB: using atomic writes.
2020-03-24 16:53:48 0 [Note] InnoDB: Mutexes and rw_locks use Windows interlocked functions
2020-03-24 16:53:48 0 [Note] InnoDB: Uses event mutexes
2020-03-24 16:53:48 0 [Note] InnoDB: Compressed tables use zlib 1.2.11
2020-03-24 16:53:48 0 [Note] InnoDB: Number of pools: 1
2020-03-24 16:53:48 0 [Note] InnoDB: Using SSE2 crc32 instructions
2020-03-24 16:53:48 0 [Note] InnoDB: Initializing buffer pool, total size = 16M, instances = 1, chunk size = 16M
2020-03-24 16:53:48 0 [Note] InnoDB: Completed initialization of buffer pool
2020-03-24 16:53:48 0 [Note] InnoDB: Starting crash recovery from checkpoint LSN=300306
2020-03-24 16:53:49 0 [Note] InnoDB: 128 out of 128 rollback segments are active.
2020-03-24 16:53:49 0 [Note] InnoDB: Removed temporary tablespace data file: "ibtmp1"
2020-03-24 16:53:49 0 [Note] InnoDB: Creating shared tablespace for temporary tables
2020-03-24 16:53:49 0 [Note] InnoDB: Setting file 'C:\xampp\mysql\data\ibtmp1' size to 12 MB. Physically writing the file full; Please wait ...
2020-03-24 16:53:49 0 [Note] InnoDB: File 'C:\xampp\mysql\data\ibtmp1' size is now 12 MB.
2020-03-24 16:53:49 0 [Note] InnoDB: Waiting for purge to start
2020-03-24 16:53:49 0 [Note] InnoDB: 10.4.11 started; log sequence number 300315; transaction id 171
2020-03-24 16:53:49 0 [Note] InnoDB: Loading buffer pool(s) from C:\xampp\mysql\data\ib_buffer_pool
2020-03-24 16:53:49 0 [Note] Plugin 'FEEDBACK' is disabled.
2020-03-24 16:53:49 0 [Note] Server socket created on IP: '::'.
InnoDB: using atomic writes.
2020-03-29 17:02:12 0 [Note] InnoDB: Mutexes and rw_locks use Windows interlocked functions
2020-03-29 17:02:12 0 [Note] InnoDB: Uses event mutexes
2020-03-29 17:02:12 0 [Note] InnoDB: Compressed tables use zlib 1.2.11
2020-03-29 17:02:12 0 [Note] InnoDB: Number of pools: 1
2020-03-29 17:02:12 0 [Note] InnoDB: Using SSE2 crc32 instructions
2020-03-29 17:02:12 0 [Note] InnoDB: Initializing buffer pool, total size = 16M, instances = 1, chunk size = 16M
2020-03-29 17:02:12 0 [Note] InnoDB: Completed initialization of buffer pool
2020-03-29 17:02:12 0 [Note] InnoDB: Starting crash recovery from checkpoint LSN=301304
2020-03-29 17:02:12 0 [Note] InnoDB: 128 out of 128 rollback segments are active.
2020-03-29 17:02:12 0 [Note] InnoDB: Removed temporary tablespace data file: "ibtmp1"
2020-03-29 17:02:12 0 [Note] InnoDB: Creating shared tablespace for temporary tables
2020-03-29 17:02:12 0 [Note] InnoDB: Setting file 'C:\xampp\mysql\data\ibtmp1' size to 12 MB. Physically writing the file full; Please wait ...
2020-03-29 17:02:12 0 [Note] InnoDB: File 'C:\xampp\mysql\data\ibtmp1' size is now 12 MB.
2020-03-29 17:02:12 0 [Note] InnoDB: Waiting for purge to start
2020-03-29 17:02:12 0 [Note] InnoDB: 10.4.11 started; log sequence number 301313; transaction id 199
2020-03-29 17:02:12 0 [Note] InnoDB: Loading buffer pool(s) from C:\xampp\mysql\data\ib_buffer_pool
2020-03-29 17:02:12 0 [Note] Plugin 'FEEDBACK' is disabled.
2020-03-29 17:02:12 0 [Note] InnoDB: Buffer pool(s) load completed at 200329 17:02:12
2020-03-29 17:02:12 0 [Note] Server socket created on IP: '::'.
InnoDB: using atomic writes.
2020-03-31 21:55:13 0 [Note] InnoDB: Mutexes and rw_locks use Windows interlocked functions
2020-03-31 21:55:13 0 [Note] InnoDB: Uses event mutexes
2020-03-31 21:55:13 0 [Note] InnoDB: Compressed tables use zlib 1.2.11
2020-03-31 21:55:13 0 [Note] InnoDB: Number of pools: 1
2020-03-31 21:55:13 0 [Note] InnoDB: Using SSE2 crc32 instructions
2020-03-31 21:55:13 0 [Note] InnoDB: Initializing buffer pool, total size = 16M, instances = 1, chunk size = 16M
2020-03-31 21:55:13 0 [Note] InnoDB: Completed initialization of buffer pool
2020-03-31 21:55:13 0 [Note] InnoDB: Starting crash recovery from checkpoint LSN=353713
2020-03-31 21:55:13 0 [Note] InnoDB: 128 out of 128 rollback segments are active.
2020-03-31 21:55:13 0 [Note] InnoDB: Removed temporary tablespace data file: "ibtmp1"
2020-03-31 21:55:13 0 [Note] InnoDB: Creating shared tablespace for temporary tables
2020-03-31 21:55:13 0 [Note] InnoDB: Setting file 'C:\xampp\mysql\data\ibtmp1' size to 12 MB. Physically writing the file full; Please wait ...
2020-03-31 21:55:13 0 [Note] InnoDB: File 'C:\xampp\mysql\data\ibtmp1' size is now 12 MB.
2020-03-31 21:55:13 0 [Note] InnoDB: Waiting for purge to start
2020-03-31 21:55:13 0 [Note] InnoDB: 10.4.11 started; log sequence number 353722; transaction id 357
2020-03-31 21:55:13 0 [Note] InnoDB: Loading buffer pool(s) from C:\xampp\mysql\data\ib_buffer_pool
2020-03-31 21:55:13 0 [Note] Plugin 'FEEDBACK' is disabled.
2020-03-31 21:55:13 0 [Note] InnoDB: Buffer pool(s) load completed at 200331 21:55:13
2020-03-31 21:55:13 0 [Note] Server socket created on IP: '::'.
InnoDB: using atomic writes.
2020-04-01 13:30:57 0 [Note] InnoDB: Mutexes and rw_locks use Windows interlocked functions
2020-04-01 13:30:57 0 [Note] InnoDB: Uses event mutexes
2020-04-01 13:30:57 0 [Note] InnoDB: Compressed tables use zlib 1.2.11
2020-04-01 13:30:57 0 [Note] InnoDB: Number of pools: 1
2020-04-01 13:30:57 0 [Note] InnoDB: Using SSE2 crc32 instructions
2020-04-01 13:30:57 0 [Note] InnoDB: Initializing buffer pool, total size = 16M, instances = 1, chunk size = 16M
2020-04-01 13:30:57 0 [Note] InnoDB: Completed initialization of buffer pool
2020-04-01 13:30:57 0 [Note] InnoDB: Starting crash recovery from checkpoint LSN=354425
2020-04-01 13:30:57 0 [Note] InnoDB: 128 out of 128 rollback segments are active.
2020-04-01 13:30:57 0 [Note] InnoDB: Removed temporary tablespace data file: "ibtmp1"
2020-04-01 13:30:57 0 [Note] InnoDB: Creating shared tablespace for temporary tables
2020-04-01 13:30:57 0 [Note] InnoDB: Setting file 'C:\xampp\mysql\data\ibtmp1' size to 12 MB. Physically writing the file full; Please wait ...
2020-04-01 13:30:57 0 [Note] InnoDB: File 'C:\xampp\mysql\data\ibtmp1' size is now 12 MB.
2020-04-01 13:30:57 0 [Note] InnoDB: Waiting for purge to start
2020-04-01 13:30:57 0 [Note] InnoDB: 10.4.11 started; log sequence number 354434; transaction id 382
2020-04-01 13:30:57 0 [Note] InnoDB: Loading buffer pool(s) from C:\xampp\mysql\data\ib_buffer_pool
2020-04-01 13:30:57 0 [Note] Plugin 'FEEDBACK' is disabled.
2020-04-01 13:30:57 0 [Note] Server socket created on IP: '::'.
InnoDB: using atomic writes.
2020-04-01 19:51:17 0 [Note] InnoDB: Mutexes and rw_locks use Windows interlocked functions
2020-04-01 19:51:17 0 [Note] InnoDB: Uses event mutexes
2020-04-01 19:51:17 0 [Note] InnoDB: Compressed tables use zlib 1.2.11
2020-04-01 19:51:17 0 [Note] InnoDB: Number of pools: 1
2020-04-01 19:51:17 0 [Note] InnoDB: Using SSE2 crc32 instructions
2020-04-01 19:51:17 0 [Note] InnoDB: Initializing buffer pool, total size = 16M, instances = 1, chunk size = 16M
2020-04-01 19:51:17 0 [Note] InnoDB: Completed initialization of buffer pool
2020-04-01 19:51:17 0 [Note] InnoDB: Starting crash recovery from checkpoint LSN=354443
2020-04-01 19:51:17 0 [Note] InnoDB: 128 out of 128 rollback segments are active.
2020-04-01 19:51:17 0 [Note] InnoDB: Removed temporary tablespace data file: "ibtmp1"
2020-04-01 19:51:17 0 [Note] InnoDB: Creating shared tablespace for temporary tables
2020-04-01 19:51:17 0 [Note] InnoDB: Setting file 'C:\xampp\mysql\data\ibtmp1' size to 12 MB. Physically writing the file full; Please wait ...
2020-04-01 19:51:17 0 [Note] InnoDB: File 'C:\xampp\mysql\data\ibtmp1' size is now 12 MB.
2020-04-01 19:51:17 0 [Note] InnoDB: Waiting for purge to start
2020-04-01 19:51:17 0 [Note] InnoDB: 10.4.11 started; log sequence number 354452; transaction id 382
2020-04-01 19:51:17 0 [Note] InnoDB: Loading buffer pool(s) from C:\xampp\mysql\data\ib_buffer_pool
2020-04-01 19:51:17 0 [Note] Plugin 'FEEDBACK' is disabled.
2020-04-01 19:51:17 0 [Note] Server socket created on IP: '::'.
InnoDB: using atomic writes.
2020-04-02 13:08:10 0 [Note] InnoDB: Mutexes and rw_locks use Windows interlocked functions
2020-04-02 13:08:10 0 [Note] InnoDB: Uses event mutexes
2020-04-02 13:08:10 0 [Note] InnoDB: Compressed tables use zlib 1.2.11
2020-04-02 13:08:10 0 [Note] InnoDB: Number of pools: 1
2020-04-02 13:08:10 0 [Note] InnoDB: Using SSE2 crc32 instructions
2020-04-02 13:08:10 0 [Note] InnoDB: Initializing buffer pool, total size = 16M, instances = 1, chunk size = 16M
2020-04-02 13:08:10 0 [Note] InnoDB: Completed initialization of buffer pool
2020-04-02 13:08:10 0 [Note] InnoDB: Starting crash recovery from checkpoint LSN=424781
2020-04-02 13:08:10 0 [Note] InnoDB: 128 out of 128 rollback segments are active.
2020-04-02 13:08:10 0 [Note] InnoDB: Removed temporary tablespace data file: "ibtmp1"
2020-04-02 13:08:10 0 [Note] InnoDB: Creating shared tablespace for temporary tables
2020-04-02 13:08:10 0 [Note] InnoDB: Setting file 'C:\xampp\mysql\data\ibtmp1' size to 12 MB. Physically writing the file full; Please wait ...
2020-04-02 13:08:10 0 [Note] InnoDB: File 'C:\xampp\mysql\data\ibtmp1' size is now 12 MB.
2020-04-02 13:08:10 0 [Note] InnoDB: Waiting for purge to start
2020-04-02 13:08:10 0 [Note] InnoDB: 10.4.11 started; log sequence number 424790; transaction id 549
2020-04-02 13:08:10 0 [Note] InnoDB: Loading buffer pool(s) from C:\xampp\mysql\data\ib_buffer_pool
2020-04-02 13:08:10 0 [Note] Plugin 'FEEDBACK' is disabled.
2020-04-02 13:08:10 0 [Note] Server socket created on IP: '::'.
InnoDB: using atomic writes.
2020-04-03 16:56:07 0 [Note] InnoDB: Mutexes and rw_locks use Windows interlocked functions
2020-04-03 16:56:07 0 [Note] InnoDB: Uses event mutexes
2020-04-03 16:56:07 0 [Note] InnoDB: Compressed tables use zlib 1.2.11
2020-04-03 16:56:07 0 [Note] InnoDB: Number of pools: 1
2020-04-03 16:56:07 0 [Note] InnoDB: Using SSE2 crc32 instructions
2020-04-03 16:56:07 0 [Note] InnoDB: Initializing buffer pool, total size = 16M, instances = 1, chunk size = 16M
2020-04-03 16:56:07 0 [Note] InnoDB: Completed initialization of buffer pool
2020-04-03 16:56:07 0 [Note] InnoDB: Starting crash recovery from checkpoint LSN=424799
2020-04-03 16:56:08 0 [Note] InnoDB: 128 out of 128 rollback segments are active.
2020-04-03 16:56:08 0 [Note] InnoDB: Removed temporary tablespace data file: "ibtmp1"
2020-04-03 16:56:08 0 [Note] InnoDB: Creating shared tablespace for temporary tables
2020-04-03 16:56:08 0 [Note] InnoDB: Setting file 'C:\xampp\mysql\data\ibtmp1' size to 12 MB. Physically writing the file full; Please wait ...
2020-04-03 16:56:08 0 [Note] InnoDB: File 'C:\xampp\mysql\data\ibtmp1' size is now 12 MB.
2020-04-03 16:56:08 0 [Note] InnoDB: Waiting for purge to start
2020-04-03 16:56:08 0 [Note] InnoDB: 10.4.11 started; log sequence number 424808; transaction id 549
2020-04-03 16:56:08 0 [Note] InnoDB: Loading buffer pool(s) from C:\xampp\mysql\data\ib_buffer_pool
2020-04-03 16:56:08 0 [Note] Plugin 'FEEDBACK' is disabled.
2020-04-03 16:56:08 0 [Note] InnoDB: Buffer pool(s) load completed at 200403 16:56:08
2020-04-03 16:56:08 0 [Note] Server socket created on IP: '::'.
InnoDB: using atomic writes.
2020-04-06 11:47:01 0 [Note] InnoDB: Mutexes and rw_locks use Windows interlocked functions
2020-04-06 11:47:01 0 [Note] InnoDB: Uses event mutexes
2020-04-06 11:47:01 0 [Note] InnoDB: Compressed tables use zlib 1.2.11
2020-04-06 11:47:01 0 [Note] InnoDB: Number of pools: 1
2020-04-06 11:47:01 0 [Note] InnoDB: Using SSE2 crc32 instructions
2020-04-06 11:47:01 0 [Note] InnoDB: Initializing buffer pool, total size = 16M, instances = 1, chunk size = 16M
2020-04-06 11:47:01 0 [Note] InnoDB: Completed initialization of buffer pool
2020-04-06 11:47:01 0 [Note] InnoDB: Starting crash recovery from checkpoint LSN=803043
2020-04-06 11:47:01 0 [Note] InnoDB: 128 out of 128 rollback segments are active.
2020-04-06 11:47:01 0 [Note] InnoDB: Removed temporary tablespace data file: "ibtmp1"
2020-04-06 11:47:01 0 [Note] InnoDB: Creating shared tablespace for temporary tables
2020-04-06 11:47:01 0 [Note] InnoDB: Setting file 'C:\xampp\mysql\data\ibtmp1' size to 12 MB. Physically writing the file full; Please wait ...
2020-04-06 11:47:01 0 [Note] InnoDB: File 'C:\xampp\mysql\data\ibtmp1' size is now 12 MB.
2020-04-06 11:47:01 0 [Note] InnoDB: Waiting for purge to start
2020-04-06 11:47:01 0 [Note] InnoDB: 10.4.11 started; log sequence number 803052; transaction id 923
2020-04-06 11:47:01 0 [Note] InnoDB: Loading buffer pool(s) from C:\xampp\mysql\data\ib_buffer_pool
2020-04-06 11:47:01 0 [Note] Plugin 'FEEDBACK' is disabled.
2020-04-06 11:47:01 0 [Note] InnoDB: Buffer pool(s) load completed at 200406 11:47:01
2020-04-06 11:47:01 0 [Note] Server socket created on IP: '::'.
InnoDB: using atomic writes.
2020-04-06 15:43:46 0 [Note] InnoDB: Mutexes and rw_locks use Windows interlocked functions
2020-04-06 15:43:46 0 [Note] InnoDB: Uses event mutexes
2020-04-06 15:43:46 0 [Note] InnoDB: Compressed tables use zlib 1.2.11
2020-04-06 15:43:46 0 [Note] InnoDB: Number of pools: 1
2020-04-06 15:43:46 0 [Note] InnoDB: Using SSE2 crc32 instructions
2020-04-06 15:43:46 0 [Note] InnoDB: Initializing buffer pool, total size = 16M, instances = 1, chunk size = 16M
2020-04-06 15:43:46 0 [Note] InnoDB: Completed initialization of buffer pool
2020-04-06 15:43:46 0 [Note] InnoDB: Starting crash recovery from checkpoint LSN=855906
2020-04-06 15:43:46 0 [ERROR] InnoDB: Operating system error number 3 in a file operation.
2020-04-06 15:43:46 0 [ERROR] InnoDB: The error means the system cannot find the path specified.
2020-04-06 15:43:46 0 [ERROR] InnoDB: If you are installing InnoDB, remember that you must create directories yourself, InnoDB does not create them.
2020-04-06 15:43:46 0 [ERROR] InnoDB: Cannot open datafile for read-only: '.\bhb\jhu.ibd' OS error: 203
2020-04-06 15:43:46 0 [ERROR] InnoDB: Operating system error number 203 in a file operation.
2020-04-06 15:43:46 0 [Note] InnoDB: Some operating system error numbers are described at https://mariadb.com/kb/en/library/operating-system-error-codes/
2020-04-06 15:43:46 0 [ERROR] InnoDB: Could not find a valid tablespace file for ``bhb`.`jhu``. Please refer to https://mariadb.com/kb/en/innodb-data-dictionary-troubleshooting/ for how to resolve the issue.
2020-04-06 15:43:46 0 [Warning] InnoDB: Ignoring tablespace for `bhb`.`jhu` because it could not be opened.
2020-04-06 15:43:46 0 [Note] InnoDB: 128 out of 128 rollback segments are active.
2020-04-06 15:43:46 0 [Note] InnoDB: Removed temporary tablespace data file: "ibtmp1"
2020-04-06 15:43:46 0 [Note] InnoDB: Creating shared tablespace for temporary tables
2020-04-06 15:43:46 0 [Note] InnoDB: Setting file 'C:\xampp\mysql\data\ibtmp1' size to 12 MB. Physically writing the file full; Please wait ...
2020-04-06 15:43:46 0 [Note] InnoDB: File 'C:\xampp\mysql\data\ibtmp1' size is now 12 MB.
2020-04-06 15:43:46 0 [Note] InnoDB: Waiting for purge to start
2020-04-06 15:43:46 0 [Note] InnoDB: 10.4.11 started; log sequence number 855915; transaction id 1100
2020-04-06 15:43:46 0 [Note] InnoDB: Loading buffer pool(s) from C:\xampp\mysql\data\ib_buffer_pool
2020-04-06 15:43:46 0 [Note] Plugin 'FEEDBACK' is disabled.
2020-04-06 15:43:46 0 [Note] Server socket created on IP: '::'.
InnoDB: using atomic writes.
2020-04-09  8:50:08 0 [Note] InnoDB: Mutexes and rw_locks use Windows interlocked functions
2020-04-09  8:50:08 0 [Note] InnoDB: Uses event mutexes
2020-04-09  8:50:08 0 [Note] InnoDB: Compressed tables use zlib 1.2.11
2020-04-09  8:50:08 0 [Note] InnoDB: Number of pools: 1
2020-04-09  8:50:08 0 [Note] InnoDB: Using SSE2 crc32 instructions
2020-04-09  8:50:08 0 [Note] InnoDB: Initializing buffer pool, total size = 16M, instances = 1, chunk size = 16M
2020-04-09  8:50:08 0 [Note] InnoDB: Completed initialization of buffer pool
2020-04-09  8:50:08 0 [Note] InnoDB: Starting crash recovery from checkpoint LSN=927596
2020-04-09  8:50:09 0 [Note] InnoDB: 128 out of 128 rollback segments are active.
2020-04-09  8:50:09 0 [Note] InnoDB: Removed temporary tablespace data file: "ibtmp1"
2020-04-09  8:50:09 0 [Note] InnoDB: Creating shared tablespace for temporary tables
2020-04-09  8:50:09 0 [Note] InnoDB: Setting file 'C:\xampp\mysql\data\ibtmp1' size to 12 MB. Physically writing the file full; Please wait ...
2020-04-09  8:50:09 0 [Note] InnoDB: File 'C:\xampp\mysql\data\ibtmp1' size is now 12 MB.
2020-04-09  8:50:09 0 [Note] InnoDB: Waiting for purge to start
2020-04-09  8:50:09 0 [Note] InnoDB: 10.4.11 started; log sequence number 927605; transaction id 1309
2020-04-09  8:50:09 0 [Note] InnoDB: Loading buffer pool(s) from C:\xampp\mysql\data\ib_buffer_pool
2020-04-09  8:50:09 0 [Note] Plugin 'FEEDBACK' is disabled.
2020-04-09  8:50:09 0 [Note] InnoDB: Buffer pool(s) load completed at 200409  8:50:09
2020-04-09  8:50:09 0 [Note] Server socket created on IP: '::'.
InnoDB: using atomic writes.
2020-04-09 19:28:41 0 [Note] InnoDB: Mutexes and rw_locks use Windows interlocked functions
2020-04-09 19:28:41 0 [Note] InnoDB: Uses event mutexes
2020-04-09 19:28:41 0 [Note] InnoDB: Compressed tables use zlib 1.2.11
2020-04-09 19:28:41 0 [Note] InnoDB: Number of pools: 1
2020-04-09 19:28:41 0 [Note] InnoDB: Using SSE2 crc32 instructions
2020-04-09 19:28:41 0 [Note] InnoDB: Initializing buffer pool, total size = 16M, instances = 1, chunk size = 16M
2020-04-09 19:28:41 0 [Note] InnoDB: Completed initialization of buffer pool
2020-04-09 19:28:41 0 [Note] InnoDB: Starting crash recovery from checkpoint LSN=927614
2020-04-09 19:28:41 0 [Note] InnoDB: 128 out of 128 rollback segments are active.
2020-04-09 19:28:41 0 [Note] InnoDB: Removed temporary tablespace data file: "ibtmp1"
2020-04-09 19:28:41 0 [Note] InnoDB: Creating shared tablespace for temporary tables
2020-04-09 19:28:41 0 [Note] InnoDB: Setting file 'C:\xampp\mysql\data\ibtmp1' size to 12 MB. Physically writing the file full; Please wait ...
2020-04-09 19:28:41 0 [Note] InnoDB: File 'C:\xampp\mysql\data\ibtmp1' size is now 12 MB.
2020-04-09 19:28:41 0 [Note] InnoDB: Waiting for purge to start
2020-04-09 19:28:41 0 [Note] InnoDB: 10.4.11 started; log sequence number 927623; transaction id 1309
2020-04-09 19:28:41 0 [Note] InnoDB: Loading buffer pool(s) from C:\xampp\mysql\data\ib_buffer_pool
2020-04-09 19:28:41 0 [Note] Plugin 'FEEDBACK' is disabled.
2020-04-09 19:28:41 0 [Note] Server socket created on IP: '::'.
InnoDB: using atomic writes.
2020-04-11 18:01:02 0 [Note] InnoDB: Mutexes and rw_locks use Windows interlocked functions
2020-04-11 18:01:02 0 [Note] InnoDB: Uses event mutexes
2020-04-11 18:01:02 0 [Note] InnoDB: Compressed tables use zlib 1.2.11
2020-04-11 18:01:02 0 [Note] InnoDB: Number of pools: 1
2020-04-11 18:01:02 0 [Note] InnoDB: Using SSE2 crc32 instructions
2020-04-11 18:01:02 0 [Note] InnoDB: Initializing buffer pool, total size = 16M, instances = 1, chunk size = 16M
2020-04-11 18:01:02 0 [Note] InnoDB: Completed initialization of buffer pool
2020-04-11 18:01:02 0 [Note] InnoDB: Starting crash recovery from checkpoint LSN=1306146
2020-04-11 18:01:02 0 [Note] InnoDB: 128 out of 128 rollback segments are active.
2020-04-11 18:01:02 0 [Note] InnoDB: Removed temporary tablespace data file: "ibtmp1"
2020-04-11 18:01:02 0 [Note] InnoDB: Creating shared tablespace for temporary tables
2020-04-11 18:01:02 0 [Note] InnoDB: Setting file 'C:\xampp\mysql\data\ibtmp1' size to 12 MB. Physically writing the file full; Please wait ...
2020-04-11 18:01:02 0 [Note] InnoDB: File 'C:\xampp\mysql\data\ibtmp1' size is now 12 MB.
2020-04-11 18:01:02 0 [Note] InnoDB: Waiting for purge to start
2020-04-11 18:01:02 0 [Note] InnoDB: 10.4.11 started; log sequence number 1306155; transaction id 2003
2020-04-11 18:01:02 0 [Note] InnoDB: Loading buffer pool(s) from C:\xampp\mysql\data\ib_buffer_pool
2020-04-11 18:01:02 0 [Note] Plugin 'FEEDBACK' is disabled.
2020-04-11 18:01:02 0 [Note] Server socket created on IP: '::'.
InnoDB: using atomic writes.
2020-04-18 19:07:29 0 [Note] InnoDB: Mutexes and rw_locks use Windows interlocked functions
2020-04-18 19:07:29 0 [Note] InnoDB: Uses event mutexes
2020-04-18 19:07:29 0 [Note] InnoDB: Compressed tables use zlib 1.2.11
2020-04-18 19:07:29 0 [Note] InnoDB: Number of pools: 1
2020-04-18 19:07:29 0 [Note] InnoDB: Using SSE2 crc32 instructions
2020-04-18 19:07:29 0 [Note] InnoDB: Initializing buffer pool, total size = 16M, instances = 1, chunk size = 16M
2020-04-18 19:07:29 0 [Note] InnoDB: Completed initialization of buffer pool
2020-04-18 19:07:29 0 [Note] InnoDB: Starting crash recovery from checkpoint LSN=1488760
2020-04-18 19:07:29 0 [Note] InnoDB: 128 out of 128 rollback segments are active.
2020-04-18 19:07:29 0 [Note] InnoDB: Removed temporary tablespace data file: "ibtmp1"
2020-04-18 19:07:29 0 [Note] InnoDB: Creating shared tablespace for temporary tables
2020-04-18 19:07:29 0 [Note] InnoDB: Setting file 'C:\xampp\mysql\data\ibtmp1' size to 12 MB. Physically writing the file full; Please wait ...
2020-04-18 19:07:29 0 [Note] InnoDB: File 'C:\xampp\mysql\data\ibtmp1' size is now 12 MB.
2020-04-18 19:07:29 0 [Note] InnoDB: Waiting for purge to start
2020-04-18 19:07:30 0 [Note] InnoDB: 10.4.11 started; log sequence number 1488769; transaction id 2416
2020-04-18 19:07:30 0 [Note] InnoDB: Loading buffer pool(s) from C:\xampp\mysql\data\ib_buffer_pool
2020-04-18 19:07:30 0 [Note] Plugin 'FEEDBACK' is disabled.
2020-04-18 19:07:31 0 [Note] Server socket created on IP: '::'.
InnoDB: using atomic writes.
2020-04-18 22:28:24 0 [Note] InnoDB: Mutexes and rw_locks use Windows interlocked functions
2020-04-18 22:28:24 0 [Note] InnoDB: Uses event mutexes
2020-04-18 22:28:24 0 [Note] InnoDB: Compressed tables use zlib 1.2.11
2020-04-18 22:28:24 0 [Note] InnoDB: Number of pools: 1
2020-04-18 22:28:24 0 [Note] InnoDB: Using SSE2 crc32 instructions
2020-04-18 22:28:24 0 [Note] InnoDB: Initializing buffer pool, total size = 16M, instances = 1, chunk size = 16M
2020-04-18 22:28:24 0 [Note] InnoDB: Completed initialization of buffer pool
2020-04-18 22:28:25 0 [Note] InnoDB: The log sequence number 139827 in the system tablespace does not match the log sequence number 2242060 in the ib_logfiles!
2020-04-18 22:28:25 0 [Note] InnoDB: 128 out of 128 rollback segments are active.
2020-04-18 22:28:25 0 [Note] InnoDB: Removed temporary tablespace data file: "ibtmp1"
2020-04-18 22:28:25 0 [Note] InnoDB: Creating shared tablespace for temporary tables
2020-04-18 22:28:25 0 [Note] InnoDB: Setting file 'C:\xampp\mysql\data\ibtmp1' size to 12 MB. Physically writing the file full; Please wait ...
2020-04-18 22:28:25 0 [Note] InnoDB: File 'C:\xampp\mysql\data\ibtmp1' size is now 12 MB.
2020-04-18 22:28:25 0 [Note] InnoDB: Waiting for purge to start
2020-04-18 22:28:25 0 [Note] InnoDB: 10.4.11 started; log sequence number 2242060; transaction id 2695
2020-04-18 22:28:25 0 [Note] InnoDB: Loading buffer pool(s) from C:\xampp\mysql\data\ib_buffer_pool
2020-04-18 22:28:25 0 [Note] Plugin 'FEEDBACK' is disabled.
2020-04-18 22:28:25 0 [Note] InnoDB: Buffer pool(s) load completed at 200418 22:28:25
2020-04-18 22:28:25 0 [Note] Server socket created on IP: '::'.
InnoDB: using atomic writes.
2020-04-19 14:02:08 0 [Note] InnoDB: Mutexes and rw_locks use Windows interlocked functions
2020-04-19 14:02:08 0 [Note] InnoDB: Uses event mutexes
2020-04-19 14:02:08 0 [Note] InnoDB: Compressed tables use zlib 1.2.11
2020-04-19 14:02:08 0 [Note] InnoDB: Number of pools: 1
2020-04-19 14:02:08 0 [Note] InnoDB: Using SSE2 crc32 instructions
2020-04-19 14:02:08 0 [Note] InnoDB: Initializing buffer pool, total size = 16M, instances = 1, chunk size = 16M
2020-04-19 14:02:08 0 [Note] InnoDB: Completed initialization of buffer pool
2020-04-19 14:02:08 0 [Note] InnoDB: Starting crash recovery from checkpoint LSN=2456437
2020-04-19 14:02:09 0 [Note] InnoDB: 128 out of 128 rollback segments are active.
2020-04-19 14:02:09 0 [Note] InnoDB: Removed temporary tablespace data file: "ibtmp1"
2020-04-19 14:02:09 0 [Note] InnoDB: Creating shared tablespace for temporary tables
2020-04-19 14:02:09 0 [Note] InnoDB: Setting file 'C:\xampp\mysql\data\ibtmp1' size to 12 MB. Physically writing the file full; Please wait ...
2020-04-19 14:02:09 0 [Note] InnoDB: File 'C:\xampp\mysql\data\ibtmp1' size is now 12 MB.
2020-04-19 14:02:09 0 [Note] InnoDB: Waiting for purge to start
2020-04-19 14:02:09 0 [Note] InnoDB: 10.4.11 started; log sequence number 2456446; transaction id 2853
2020-04-19 14:02:09 0 [Note] InnoDB: Loading buffer pool(s) from C:\xampp\mysql\data\ib_buffer_pool
2020-04-19 14:02:09 0 [Note] Plugin 'FEEDBACK' is disabled.
2020-04-19 14:02:09 0 [Note] InnoDB: Buffer pool(s) load completed at 200419 14:02:09
2020-04-19 14:02:09 0 [Note] Server socket created on IP: '::'.
InnoDB: using atomic writes.
2020-04-19 20:25:59 0 [Note] InnoDB: Mutexes and rw_locks use Windows interlocked functions
2020-04-19 20:25:59 0 [Note] InnoDB: Uses event mutexes
2020-04-19 20:25:59 0 [Note] InnoDB: Compressed tables use zlib 1.2.11
2020-04-19 20:25:59 0 [Note] InnoDB: Number of pools: 1
2020-04-19 20:25:59 0 [Note] InnoDB: Using SSE2 crc32 instructions
2020-04-19 20:25:59 0 [Note] InnoDB: Initializing buffer pool, total size = 16M, instances = 1, chunk size = 16M
2020-04-19 20:25:59 0 [Note] InnoDB: Completed initialization of buffer pool
2020-04-19 20:25:59 0 [Note] InnoDB: Starting crash recovery from checkpoint LSN=2465647
2020-04-19 20:25:59 0 [Note] InnoDB: 128 out of 128 rollback segments are active.
2020-04-19 20:25:59 0 [Note] InnoDB: Removed temporary tablespace data file: "ibtmp1"
2020-04-19 20:25:59 0 [Note] InnoDB: Creating shared tablespace for temporary tables
2020-04-19 20:25:59 0 [Note] InnoDB: Setting file 'C:\xampp\mysql\data\ibtmp1' size to 12 MB. Physically writing the file full; Please wait ...
2020-04-19 20:25:59 0 [Note] InnoDB: File 'C:\xampp\mysql\data\ibtmp1' size is now 12 MB.
2020-04-19 20:25:59 0 [Note] InnoDB: Waiting for purge to start
2020-04-19 20:26:00 0 [Note] InnoDB: 10.4.11 started; log sequence number 2465656; transaction id 2968
2020-04-19 20:26:00 0 [Note] InnoDB: Loading buffer pool(s) from C:\xampp\mysql\data\ib_buffer_pool
2020-04-19 20:26:00 0 [Note] Plugin 'FEEDBACK' is disabled.
2020-04-19 20:26:00 0 [Note] InnoDB: Buffer pool(s) load completed at 200419 20:26:00
2020-04-19 20:26:00 0 [Note] Server socket created on IP: '::'.
InnoDB: using atomic writes.
2020-04-19 22:49:47 0 [Note] InnoDB: Mutexes and rw_locks use Windows interlocked functions
2020-04-19 22:49:47 0 [Note] InnoDB: Uses event mutexes
2020-04-19 22:49:47 0 [Note] InnoDB: Compressed tables use zlib 1.2.11
2020-04-19 22:49:47 0 [Note] InnoDB: Number of pools: 1
2020-04-19 22:49:47 0 [Note] InnoDB: Using SSE2 crc32 instructions
2020-04-19 22:49:47 0 [Note] InnoDB: Initializing buffer pool, total size = 16M, instances = 1, chunk size = 16M
2020-04-19 22:49:47 0 [Note] InnoDB: Completed initialization of buffer pool
2020-04-19 22:49:47 0 [Note] InnoDB: Starting crash recovery from checkpoint LSN=2491207
2020-04-19 22:49:47 0 [Note] InnoDB: 128 out of 128 rollback segments are active.
2020-04-19 22:49:47 0 [Note] InnoDB: Removed temporary tablespace data file: "ibtmp1"
2020-04-19 22:49:47 0 [Note] InnoDB: Creating shared tablespace for temporary tables
2020-04-19 22:49:47 0 [Note] InnoDB: Setting file 'C:\xampp\mysql\data\ibtmp1' size to 12 MB. Physically writing the file full; Please wait ...
2020-04-19 22:49:47 0 [Note] InnoDB: File 'C:\xampp\mysql\data\ibtmp1' size is now 12 MB.
2020-04-19 22:49:47 0 [Note] InnoDB: 10.4.11 started; log sequence number 2491216; transaction id 3003
2020-04-19 22:49:47 0 [Note] InnoDB: Loading buffer pool(s) from C:\xampp\mysql\data\ib_buffer_pool
2020-04-19 22:49:47 0 [Note] Plugin 'FEEDBACK' is disabled.
2020-04-19 22:49:47 0 [Note] InnoDB: Buffer pool(s) load completed at 200419 22:49:47
2020-04-19 22:49:47 0 [Note] Server socket created on IP: '::'.
InnoDB: using atomic writes.
2020-04-20  9:43:23 0 [Note] InnoDB: Mutexes and rw_locks use Windows interlocked functions
2020-04-20  9:43:23 0 [Note] InnoDB: Uses event mutexes
2020-04-20  9:43:23 0 [Note] InnoDB: Compressed tables use zlib 1.2.11
2020-04-20  9:43:23 0 [Note] InnoDB: Number of pools: 1
2020-04-20  9:43:23 0 [Note] InnoDB: Using SSE2 crc32 instructions
2020-04-20  9:43:23 0 [Note] InnoDB: Initializing buffer pool, total size = 16M, instances = 1, chunk size = 16M
2020-04-20  9:43:23 0 [Note] InnoDB: Completed initialization of buffer pool
2020-04-20  9:43:23 0 [Note] InnoDB: Starting crash recovery from checkpoint LSN=2573533
2020-04-20  9:43:23 0 [Note] InnoDB: 128 out of 128 rollback segments are active.
2020-04-20  9:43:23 0 [Note] InnoDB: Removed temporary tablespace data file: "ibtmp1"
2020-04-20  9:43:23 0 [Note] InnoDB: Creating shared tablespace for temporary tables
2020-04-20  9:43:23 0 [Note] InnoDB: Setting file 'C:\xampp\mysql\data\ibtmp1' size to 12 MB. Physically writing the file full; Please wait ...
2020-04-20  9:43:23 0 [Note] InnoDB: File 'C:\xampp\mysql\data\ibtmp1' size is now 12 MB.
2020-04-20  9:43:23 0 [Note] InnoDB: 10.4.11 started; log sequence number 2573542; transaction id 3048
2020-04-20  9:43:23 0 [Note] InnoDB: Loading buffer pool(s) from C:\xampp\mysql\data\ib_buffer_pool
2020-04-20  9:43:23 0 [Note] Plugin 'FEEDBACK' is disabled.
2020-04-20  9:43:23 0 [Note] InnoDB: Buffer pool(s) load completed at 200420  9:43:23
2020-04-20  9:43:23 0 [Note] Server socket created on IP: '::'.
InnoDB: using atomic writes.
2020-04-20 10:26:17 0 [Note] InnoDB: Mutexes and rw_locks use Windows interlocked functions
2020-04-20 10:26:17 0 [Note] InnoDB: Uses event mutexes
2020-04-20 10:26:17 0 [Note] InnoDB: Compressed tables use zlib 1.2.11
2020-04-20 10:26:17 0 [Note] InnoDB: Number of pools: 1
2020-04-20 10:26:17 0 [Note] InnoDB: Using SSE2 crc32 instructions
2020-04-20 10:26:17 0 [Note] InnoDB: Initializing buffer pool, total size = 16M, instances = 1, chunk size = 16M
2020-04-20 10:26:17 0 [Note] InnoDB: Completed initialization of buffer pool
2020-04-20 10:26:17 0 [Note] InnoDB: Starting crash recovery from checkpoint LSN=2617795
2020-04-20 10:26:18 0 [Note] InnoDB: 128 out of 128 rollback segments are active.
2020-04-20 10:26:18 0 [Note] InnoDB: Removed temporary tablespace data file: "ibtmp1"
2020-04-20 10:26:18 0 [Note] InnoDB: Creating shared tablespace for temporary tables
2020-04-20 10:26:18 0 [Note] InnoDB: Setting file 'C:\xampp\mysql\data\ibtmp1' size to 12 MB. Physically writing the file full; Please wait ...
2020-04-20 10:26:18 0 [Note] InnoDB: File 'C:\xampp\mysql\data\ibtmp1' size is now 12 MB.
2020-04-20 10:26:18 0 [Note] InnoDB: Waiting for purge to start
2020-04-20 10:26:18 0 [Note] InnoDB: 10.4.11 started; log sequence number 2617804; transaction id 3121
2020-04-20 10:26:18 0 [Note] InnoDB: Loading buffer pool(s) from C:\xampp\mysql\data\ib_buffer_pool
2020-04-20 10:26:18 0 [Note] Plugin 'FEEDBACK' is disabled.
2020-04-20 10:26:18 0 [Note] InnoDB: Buffer pool(s) load completed at 200420 10:26:18
2020-04-20 10:26:18 0 [Note] Server socket created on IP: '::'.
InnoDB: using atomic writes.
2020-04-20 15:18:23 0 [Note] InnoDB: Mutexes and rw_locks use Windows interlocked functions
2020-04-20 15:18:23 0 [Note] InnoDB: Uses event mutexes
2020-04-20 15:18:23 0 [Note] InnoDB: Compressed tables use zlib 1.2.11
2020-04-20 15:18:23 0 [Note] InnoDB: Number of pools: 1
2020-04-20 15:18:23 0 [Note] InnoDB: Using SSE2 crc32 instructions
2020-04-20 15:18:23 0 [Note] InnoDB: Initializing buffer pool, total size = 16M, instances = 1, chunk size = 16M
2020-04-20 15:18:23 0 [Note] InnoDB: Completed initialization of buffer pool
2020-04-20 15:18:23 0 [Note] InnoDB: Starting crash recovery from checkpoint LSN=3297135
2020-04-20 15:18:23 0 [Note] InnoDB: 128 out of 128 rollback segments are active.
2020-04-20 15:18:23 0 [Note] InnoDB: Removed temporary tablespace data file: "ibtmp1"
2020-04-20 15:18:23 0 [Note] InnoDB: Creating shared tablespace for temporary tables
2020-04-20 15:18:23 0 [Note] InnoDB: Setting file 'C:\xampp\mysql\data\ibtmp1' size to 12 MB. Physically writing the file full; Please wait ...
2020-04-20 15:18:23 0 [Note] InnoDB: File 'C:\xampp\mysql\data\ibtmp1' size is now 12 MB.
2020-04-20 15:18:23 0 [Note] InnoDB: 10.4.11 started; log sequence number 3297144; transaction id 3359
2020-04-20 15:18:23 0 [Note] InnoDB: Loading buffer pool(s) from C:\xampp\mysql\data\ib_buffer_pool
2020-04-20 15:18:23 0 [Note] Plugin 'FEEDBACK' is disabled.
2020-04-20 15:18:23 0 [Note] InnoDB: Buffer pool(s) load completed at 200420 15:18:23
2020-04-20 15:18:23 0 [Note] Server socket created on IP: '::'.
InnoDB: using atomic writes.
2020-04-20 19:07:55 0 [Note] InnoDB: Mutexes and rw_locks use Windows interlocked functions
2020-04-20 19:07:55 0 [Note] InnoDB: Uses event mutexes
2020-04-20 19:07:55 0 [Note] InnoDB: Compressed tables use zlib 1.2.11
2020-04-20 19:07:55 0 [Note] InnoDB: Number of pools: 1
2020-04-20 19:07:55 0 [Note] InnoDB: Using SSE2 crc32 instructions
2020-04-20 19:07:55 0 [Note] InnoDB: Initializing buffer pool, total size = 16M, instances = 1, chunk size = 16M
2020-04-20 19:07:55 0 [Note] InnoDB: Completed initialization of buffer pool
2020-04-20 19:07:55 0 [Note] InnoDB: Starting crash recovery from checkpoint LSN=3302425
2020-04-20 19:07:56 0 [Note] InnoDB: 128 out of 128 rollback segments are active.
2020-04-20 19:07:56 0 [Note] InnoDB: Removed temporary tablespace data file: "ibtmp1"
2020-04-20 19:07:56 0 [Note] InnoDB: Creating shared tablespace for temporary tables
2020-04-20 19:07:56 0 [Note] InnoDB: Setting file 'C:\xampp\mysql\data\ibtmp1' size to 12 MB. Physically writing the file full; Please wait ...
2020-04-20 19:07:56 0 [Note] InnoDB: File 'C:\xampp\mysql\data\ibtmp1' size is now 12 MB.
2020-04-20 19:07:56 0 [Note] InnoDB: 10.4.11 started; log sequence number 3302434; transaction id 3402
2020-04-20 19:07:56 0 [Note] InnoDB: Loading buffer pool(s) from C:\xampp\mysql\data\ib_buffer_pool
2020-04-20 19:07:56 0 [Note] Plugin 'FEEDBACK' is disabled.
2020-04-20 19:07:56 0 [Note] InnoDB: Buffer pool(s) load completed at 200420 19:07:56
2020-04-20 19:07:56 0 [Note] Server socket created on IP: '::'.
InnoDB: using atomic writes.
2020-04-20 20:09:37 0 [Note] InnoDB: Mutexes and rw_locks use Windows interlocked functions
2020-04-20 20:09:37 0 [Note] InnoDB: Uses event mutexes
2020-04-20 20:09:37 0 [Note] InnoDB: Compressed tables use zlib 1.2.11
2020-04-20 20:09:37 0 [Note] InnoDB: Number of pools: 1
2020-04-20 20:09:37 0 [Note] InnoDB: Using SSE2 crc32 instructions
2020-04-20 20:09:37 0 [Note] InnoDB: Initializing buffer pool, total size = 16M, instances = 1, chunk size = 16M
2020-04-20 20:09:37 0 [Note] InnoDB: Completed initialization of buffer pool
2020-04-20 20:09:38 0 [Note] InnoDB: Starting crash recovery from checkpoint LSN=3374491
2020-04-20 20:09:38 0 [Note] InnoDB: 128 out of 128 rollback segments are active.
2020-04-20 20:09:38 0 [Note] InnoDB: Removed temporary tablespace data file: "ibtmp1"
2020-04-20 20:09:38 0 [Note] InnoDB: Creating shared tablespace for temporary tables
2020-04-20 20:09:38 0 [Note] InnoDB: Setting file 'C:\xampp\mysql\data\ibtmp1' size to 12 MB. Physically writing the file full; Please wait ...
2020-04-20 20:09:38 0 [Note] InnoDB: File 'C:\xampp\mysql\data\ibtmp1' size is now 12 MB.
2020-04-20 20:09:38 0 [Note] InnoDB: Waiting for purge to start
2020-04-20 20:09:38 0 [Note] InnoDB: 10.4.11 started; log sequence number 3374500; transaction id 3541
2020-04-20 20:09:38 0 [Note] InnoDB: Loading buffer pool(s) from C:\xampp\mysql\data\ib_buffer_pool
2020-04-20 20:09:38 0 [Note] Plugin 'FEEDBACK' is disabled.
2020-04-20 20:09:38 0 [Note] Server socket created on IP: '::'.
2020-04-20 20:09:38 0 [Note] InnoDB: Buffer pool(s) load completed at 200420 20:09:38
InnoDB: using atomic writes.
2020-04-20 20:44:54 0 [Note] InnoDB: Mutexes and rw_locks use Windows interlocked functions
2020-04-20 20:44:54 0 [Note] InnoDB: Uses event mutexes
2020-04-20 20:44:54 0 [Note] InnoDB: Compressed tables use zlib 1.2.11
2020-04-20 20:44:54 0 [Note] InnoDB: Number of pools: 1
2020-04-20 20:44:54 0 [Note] InnoDB: Using SSE2 crc32 instructions
2020-04-20 20:44:54 0 [Note] InnoDB: Initializing buffer pool, total size = 16M, instances = 1, chunk size = 16M
2020-04-20 20:44:54 0 [Note] InnoDB: Completed initialization of buffer pool
2020-04-20 20:44:54 0 [Note] InnoDB: Starting crash recovery from checkpoint LSN=3894546
2020-04-20 20:44:54 0 [Note] InnoDB: 128 out of 128 rollback segments are active.
2020-04-20 20:44:54 0 [Note] InnoDB: Removed temporary tablespace data file: "ibtmp1"
2020-04-20 20:44:54 0 [Note] InnoDB: Creating shared tablespace for temporary tables
2020-04-20 20:44:54 0 [Note] InnoDB: Setting file 'C:\xampp\mysql\data\ibtmp1' size to 12 MB. Physically writing the file full; Please wait ...
2020-04-20 20:44:54 0 [Note] InnoDB: File 'C:\xampp\mysql\data\ibtmp1' size is now 12 MB.
2020-04-20 20:44:54 0 [Note] InnoDB: 10.4.11 started; log sequence number 3894555; transaction id 3678
2020-04-20 20:44:54 0 [Note] InnoDB: Loading buffer pool(s) from C:\xampp\mysql\data\ib_buffer_pool
2020-04-20 20:44:54 0 [Note] Plugin 'FEEDBACK' is disabled.
2020-04-20 20:44:54 0 [Note] InnoDB: Buffer pool(s) load completed at 200420 20:44:54
2020-04-20 20:44:54 0 [Note] Server socket created on IP: '::'.
InnoDB: using atomic writes.
2020-04-20 21:09:27 0 [Note] InnoDB: Mutexes and rw_locks use Windows interlocked functions
2020-04-20 21:09:27 0 [Note] InnoDB: Uses event mutexes
2020-04-20 21:09:27 0 [Note] InnoDB: Compressed tables use zlib 1.2.11
2020-04-20 21:09:27 0 [Note] InnoDB: Number of pools: 1
2020-04-20 21:09:27 0 [Note] InnoDB: Using SSE2 crc32 instructions
2020-04-20 21:09:27 0 [Note] InnoDB: Initializing buffer pool, total size = 16M, instances = 1, chunk size = 16M
2020-04-20 21:09:27 0 [Note] InnoDB: Completed initialization of buffer pool
2020-04-20 21:09:27 0 [Note] InnoDB: Starting crash recovery from checkpoint LSN=4008076
2020-04-20 21:09:28 0 [Note] InnoDB: 128 out of 128 rollback segments are active.
2020-04-20 21:09:28 0 [Note] InnoDB: Removed temporary tablespace data file: "ibtmp1"
2020-04-20 21:09:28 0 [Note] InnoDB: Creating shared tablespace for temporary tables
2020-04-20 21:09:28 0 [Note] InnoDB: Setting file 'C:\xampp\mysql\data\ibtmp1' size to 12 MB. Physically writing the file full; Please wait ...
2020-04-20 21:09:28 0 [Note] InnoDB: File 'C:\xampp\mysql\data\ibtmp1' size is now 12 MB.
2020-04-20 21:09:28 0 [Note] InnoDB: Waiting for purge to start
2020-04-20 21:09:28 0 [Note] InnoDB: 10.4.11 started; log sequence number 4008085; transaction id 3737
2020-04-20 21:09:28 0 [Note] InnoDB: Loading buffer pool(s) from C:\xampp\mysql\data\ib_buffer_pool
2020-04-20 21:09:28 0 [Note] Plugin 'FEEDBACK' is disabled.
2020-04-20 21:09:28 0 [Note] Server socket created on IP: '::'.
2020-04-20 21:09:28 0 [Note] InnoDB: Buffer pool(s) load completed at 200420 21:09:28
InnoDB: using atomic writes.
2020-04-20 23:26:02 0 [Note] InnoDB: Mutexes and rw_locks use Windows interlocked functions
2020-04-20 23:26:02 0 [Note] InnoDB: Uses event mutexes
2020-04-20 23:26:02 0 [Note] InnoDB: Compressed tables use zlib 1.2.11
2020-04-20 23:26:02 0 [Note] InnoDB: Number of pools: 1
2020-04-20 23:26:02 0 [Note] InnoDB: Using SSE2 crc32 instructions
2020-04-20 23:26:02 0 [Note] InnoDB: Initializing buffer pool, total size = 16M, instances = 1, chunk size = 16M
2020-04-20 23:26:02 0 [Note] InnoDB: Completed initialization of buffer pool
2020-04-20 23:26:02 0 [Note] InnoDB: Starting crash recovery from checkpoint LSN=4009540
2020-04-20 23:26:02 0 [Note] InnoDB: 128 out of 128 rollback segments are active.
2020-04-20 23:26:03 0 [Note] InnoDB: Removed temporary tablespace data file: "ibtmp1"
2020-04-20 23:26:03 0 [Note] InnoDB: Creating shared tablespace for temporary tables
2020-04-20 23:26:03 0 [Note] InnoDB: Setting file 'C:\xampp\mysql\data\ibtmp1' size to 12 MB. Physically writing the file full; Please wait ...
2020-04-20 23:26:03 0 [Note] InnoDB: File 'C:\xampp\mysql\data\ibtmp1' size is now 12 MB.
2020-04-20 23:26:03 0 [Note] InnoDB: 10.4.11 started; log sequence number 4009549; transaction id 3768
2020-04-20 23:26:03 0 [Note] InnoDB: Loading buffer pool(s) from C:\xampp\mysql\data\ib_buffer_pool
2020-04-20 23:26:03 0 [Note] Plugin 'FEEDBACK' is disabled.
2020-04-20 23:26:03 0 [Note] Server socket created on IP: '::'.
2020-04-20 23:26:03 0 [Note] InnoDB: Buffer pool(s) load completed at 200420 23:26:03
InnoDB: using atomic writes.
2020-04-20 23:56:48 0 [Note] InnoDB: Mutexes and rw_locks use Windows interlocked functions
2020-04-20 23:56:48 0 [Note] InnoDB: Uses event mutexes
2020-04-20 23:56:48 0 [Note] InnoDB: Compressed tables use zlib 1.2.11
2020-04-20 23:56:48 0 [Note] InnoDB: Number of pools: 1
2020-04-20 23:56:48 0 [Note] InnoDB: Using SSE2 crc32 instructions
2020-04-20 23:56:48 0 [Note] InnoDB: Initializing buffer pool, total size = 16M, instances = 1, chunk size = 16M
2020-04-20 23:56:48 0 [Note] InnoDB: Completed initialization of buffer pool
2020-04-20 23:56:48 0 [Note] InnoDB: Starting crash recovery from checkpoint LSN=4009882
2020-04-20 23:56:48 0 [Note] InnoDB: 128 out of 128 rollback segments are active.
2020-04-20 23:56:48 0 [Note] InnoDB: Removed temporary tablespace data file: "ibtmp1"
2020-04-20 23:56:48 0 [Note] InnoDB: Creating shared tablespace for temporary tables
2020-04-20 23:56:48 0 [Note] InnoDB: Setting file 'C:\xampp\mysql\data\ibtmp1' size to 12 MB. Physically writing the file full; Please wait ...
2020-04-20 23:56:48 0 [Note] InnoDB: File 'C:\xampp\mysql\data\ibtmp1' size is now 12 MB.
2020-04-20 23:56:48 0 [Note] InnoDB: Waiting for purge to start
2020-04-20 23:56:48 0 [Note] InnoDB: 10.4.11 started; log sequence number 4009891; transaction id 3776
2020-04-20 23:56:48 0 [Note] InnoDB: Loading buffer pool(s) from C:\xampp\mysql\data\ib_buffer_pool
2020-04-20 23:56:48 0 [Note] Plugin 'FEEDBACK' is disabled.
2020-04-20 23:56:48 0 [Note] Server socket created on IP: '::'.
InnoDB: using atomic writes.
2020-04-21  5:15:18 0 [Note] InnoDB: Mutexes and rw_locks use Windows interlocked functions
2020-04-21  5:15:18 0 [Note] InnoDB: Uses event mutexes
2020-04-21  5:15:18 0 [Note] InnoDB: Compressed tables use zlib 1.2.11
2020-04-21  5:15:18 0 [Note] InnoDB: Number of pools: 1
2020-04-21  5:15:18 0 [Note] InnoDB: Using SSE2 crc32 instructions
2020-04-21  5:15:18 0 [Note] InnoDB: Initializing buffer pool, total size = 16M, instances = 1, chunk size = 16M
2020-04-21  5:15:18 0 [Note] InnoDB: Completed initialization of buffer pool
2020-04-21  5:15:18 0 [Note] InnoDB: Starting crash recovery from checkpoint LSN=4412559
2020-04-21  5:15:18 0 [Note] InnoDB: 128 out of 128 rollback segments are active.
2020-04-21  5:15:18 0 [Note] InnoDB: Removed temporary tablespace data file: "ibtmp1"
2020-04-21  5:15:18 0 [Note] InnoDB: Creating shared tablespace for temporary tables
2020-04-21  5:15:18 0 [Note] InnoDB: Setting file 'C:\xampp\mysql\data\ibtmp1' size to 12 MB. Physically writing the file full; Please wait ...
2020-04-21  5:15:18 0 [Note] InnoDB: File 'C:\xampp\mysql\data\ibtmp1' size is now 12 MB.
2020-04-21  5:15:18 0 [Note] InnoDB: Waiting for purge to start
2020-04-21  5:15:18 0 [Note] InnoDB: 10.4.11 started; log sequence number 4412568; transaction id 3815
2020-04-21  5:15:18 0 [Note] InnoDB: Loading buffer pool(s) from C:\xampp\mysql\data\ib_buffer_pool
2020-04-21  5:15:18 0 [Note] Plugin 'FEEDBACK' is disabled.
2020-04-21  5:15:18 0 [Note] Server socket created on IP: '::'.
InnoDB: using atomic writes.
2020-04-21  9:55:24 0 [Note] InnoDB: Mutexes and rw_locks use Windows interlocked functions
2020-04-21  9:55:24 0 [Note] InnoDB: Uses event mutexes
2020-04-21  9:55:24 0 [Note] InnoDB: Compressed tables use zlib 1.2.11
2020-04-21  9:55:24 0 [Note] InnoDB: Number of pools: 1
2020-04-21  9:55:24 0 [Note] InnoDB: Using SSE2 crc32 instructions
2020-04-21  9:55:24 0 [Note] InnoDB: Initializing buffer pool, total size = 16M, instances = 1, chunk size = 16M
2020-04-21  9:55:24 0 [Note] InnoDB: Completed initialization of buffer pool
2020-04-21  9:55:24 0 [Note] InnoDB: Starting crash recovery from checkpoint LSN=4412577
2020-04-21  9:55:24 0 [Note] InnoDB: 128 out of 128 rollback segments are active.
2020-04-21  9:55:24 0 [Note] InnoDB: Removed temporary tablespace data file: "ibtmp1"
2020-04-21  9:55:24 0 [Note] InnoDB: Creating shared tablespace for temporary tables
2020-04-21  9:55:24 0 [Note] InnoDB: Setting file 'C:\xampp\mysql\data\ibtmp1' size to 12 MB. Physically writing the file full; Please wait ...
2020-04-21  9:55:24 0 [Note] InnoDB: File 'C:\xampp\mysql\data\ibtmp1' size is now 12 MB.
2020-04-21  9:55:24 0 [Note] InnoDB: Waiting for purge to start
2020-04-21  9:55:24 0 [Note] InnoDB: 10.4.11 started; log sequence number 4412586; transaction id 3815
2020-04-21  9:55:24 0 [Note] InnoDB: Loading buffer pool(s) from C:\xampp\mysql\data\ib_buffer_pool
2020-04-21  9:55:24 0 [Note] Plugin 'FEEDBACK' is disabled.
2020-04-21  9:55:24 0 [Note] Server socket created on IP: '::'.
InnoDB: using atomic writes.
2020-05-05  6:58:42 0 [Note] InnoDB: Mutexes and rw_locks use Windows interlocked functions
2020-05-05  6:58:42 0 [Note] InnoDB: Uses event mutexes
2020-05-05  6:58:42 0 [Note] InnoDB: Compressed tables use zlib 1.2.11
2020-05-05  6:58:42 0 [Note] InnoDB: Number of pools: 1
2020-05-05  6:58:42 0 [Note] InnoDB: Using SSE2 crc32 instructions
2020-05-05  6:58:42 0 [Note] InnoDB: Initializing buffer pool, total size = 16M, instances = 1, chunk size = 16M
2020-05-05  6:58:42 0 [Note] InnoDB: Completed initialization of buffer pool
2020-05-05  6:58:42 0 [Note] InnoDB: Starting crash recovery from checkpoint LSN=4415185
2020-05-05  6:58:42 0 [Note] InnoDB: 128 out of 128 rollback segments are active.
2020-05-05  6:58:42 0 [Note] InnoDB: Removed temporary tablespace data file: "ibtmp1"
2020-05-05  6:58:42 0 [Note] InnoDB: Creating shared tablespace for temporary tables
2020-05-05  6:58:42 0 [Note] InnoDB: Setting file 'C:\xampp\mysql\data\ibtmp1' size to 12 MB. Physically writing the file full; Please wait ...
2020-05-05  6:58:42 0 [Note] InnoDB: File 'C:\xampp\mysql\data\ibtmp1' size is now 12 MB.
2020-05-05  6:58:42 0 [Note] InnoDB: Waiting for purge to start
2020-05-05  6:58:42 0 [Note] InnoDB: 10.4.11 started; log sequence number 4415194; transaction id 3845
2020-05-05  6:58:42 0 [Note] InnoDB: Loading buffer pool(s) from C:\xampp\mysql\data\ib_buffer_pool
2020-05-05  6:58:42 0 [Note] Plugin 'FEEDBACK' is disabled.
2020-05-05  6:58:42 0 [Note] InnoDB: Buffer pool(s) load completed at 200505  6:58:42
2020-05-05  6:58:42 0 [Note] Server socket created on IP: '::'.
InnoDB: using atomic writes.
2020-05-14  6:55:23 0 [Note] InnoDB: Mutexes and rw_locks use Windows interlocked functions
2020-05-14  6:55:23 0 [Note] InnoDB: Uses event mutexes
2020-05-14  6:55:23 0 [Note] InnoDB: Compressed tables use zlib 1.2.11
2020-05-14  6:55:23 0 [Note] InnoDB: Number of pools: 1
2020-05-14  6:55:23 0 [Note] InnoDB: Using SSE2 crc32 instructions
2020-05-14  6:55:23 0 [Note] InnoDB: Initializing buffer pool, total size = 16M, instances = 1, chunk size = 16M
2020-05-14  6:55:23 0 [Note] InnoDB: Completed initialization of buffer pool
2020-05-14  6:55:23 0 [Note] InnoDB: Starting crash recovery from checkpoint LSN=4467545
2020-05-14  6:55:23 0 [Note] InnoDB: 128 out of 128 rollback segments are active.
2020-05-14  6:55:23 0 [Note] InnoDB: Removed temporary tablespace data file: "ibtmp1"
2020-05-14  6:55:23 0 [Note] InnoDB: Creating shared tablespace for temporary tables
2020-05-14  6:55:23 0 [Note] InnoDB: Setting file 'C:\xampp\mysql\data\ibtmp1' size to 12 MB. Physically writing the file full; Please wait ...
2020-05-14  6:55:23 0 [Note] InnoDB: File 'C:\xampp\mysql\data\ibtmp1' size is now 12 MB.
2020-05-14  6:55:23 0 [Note] InnoDB: Waiting for purge to start
2020-05-14  6:55:23 0 [Note] InnoDB: 10.4.11 started; log sequence number 4467554; transaction id 4058
2020-05-14  6:55:23 0 [Note] InnoDB: Loading buffer pool(s) from C:\xampp\mysql\data\ib_buffer_pool
2020-05-14  6:55:23 0 [Note] Plugin 'FEEDBACK' is disabled.
2020-05-14  6:55:23 0 [Note] InnoDB: Buffer pool(s) load completed at 200514  6:55:23
2020-05-14  6:55:23 0 [Note] Server socket created on IP: '::'.
InnoDB: using atomic writes.
2020-06-14 23:08:36 0 [Note] InnoDB: Mutexes and rw_locks use Windows interlocked functions
2020-06-14 23:08:36 0 [Note] InnoDB: Uses event mutexes
2020-06-14 23:08:36 0 [Note] InnoDB: Compressed tables use zlib 1.2.11
2020-06-14 23:08:36 0 [Note] InnoDB: Number of pools: 1
2020-06-14 23:08:36 0 [Note] InnoDB: Using SSE2 crc32 instructions
2020-06-14 23:08:36 0 [Note] InnoDB: Initializing buffer pool, total size = 16M, instances = 1, chunk size = 16M
2020-06-14 23:08:36 0 [Note] InnoDB: Completed initialization of buffer pool
2020-06-14 23:08:36 0 [Note] InnoDB: Starting crash recovery from checkpoint LSN=4470040
2020-06-14 23:08:36 0 [Note] InnoDB: 128 out of 128 rollback segments are active.
2020-06-14 23:08:36 0 [Note] InnoDB: Removed temporary tablespace data file: "ibtmp1"
2020-06-14 23:08:36 0 [Note] InnoDB: Creating shared tablespace for temporary tables
2020-06-14 23:08:36 0 [Note] InnoDB: Setting file 'C:\xampp\mysql\data\ibtmp1' size to 12 MB. Physically writing the file full; Please wait ...
2020-06-14 23:08:36 0 [Note] InnoDB: File 'C:\xampp\mysql\data\ibtmp1' size is now 12 MB.
2020-06-14 23:08:36 0 [Note] InnoDB: Waiting for purge to start
2020-06-14 23:08:36 0 [Note] InnoDB: 10.4.11 started; log sequence number 4470049; transaction id 4092
2020-06-14 23:08:36 0 [Note] InnoDB: Loading buffer pool(s) from C:\xampp\mysql\data\ib_buffer_pool
2020-06-14 23:08:36 0 [Note] Plugin 'FEEDBACK' is disabled.
2020-06-14 23:08:36 0 [Note] Server socket created on IP: '::'.
InnoDB: using atomic writes.
2020-06-14 23:25:19 0 [Note] InnoDB: Mutexes and rw_locks use Windows interlocked functions
2020-06-14 23:25:19 0 [Note] InnoDB: Uses event mutexes
2020-06-14 23:25:19 0 [Note] InnoDB: Compressed tables use zlib 1.2.11
2020-06-14 23:25:19 0 [Note] InnoDB: Number of pools: 1
2020-06-14 23:25:19 0 [Note] InnoDB: Using SSE2 crc32 instructions
2020-06-14 23:25:19 0 [Note] InnoDB: Initializing buffer pool, total size = 16M, instances = 1, chunk size = 16M
2020-06-14 23:25:19 0 [Note] InnoDB: Completed initialization of buffer pool
2020-06-14 23:25:19 0 [Note] InnoDB: Starting crash recovery from checkpoint LSN=4477614
2020-06-14 23:25:19 0 [Note] InnoDB: 128 out of 128 rollback segments are active.
2020-06-14 23:25:19 0 [Note] InnoDB: Removed temporary tablespace data file: "ibtmp1"
2020-06-14 23:25:19 0 [Note] InnoDB: Creating shared tablespace for temporary tables
2020-06-14 23:25:19 0 [Note] InnoDB: Setting file 'C:\xampp\mysql\data\ibtmp1' size to 12 MB. Physically writing the file full; Please wait ...
2020-06-14 23:25:19 0 [Note] InnoDB: File 'C:\xampp\mysql\data\ibtmp1' size is now 12 MB.
2020-06-14 23:25:19 0 [Note] InnoDB: Waiting for purge to start
2020-06-14 23:25:19 0 [Note] InnoDB: 10.4.11 started; log sequence number 4477623; transaction id 4123
2020-06-14 23:25:19 0 [Note] InnoDB: Loading buffer pool(s) from C:\xampp\mysql\data\ib_buffer_pool
2020-06-14 23:25:19 0 [Note] Plugin 'FEEDBACK' is disabled.
2020-06-14 23:25:19 0 [Note] Server socket created on IP: '::'.
